API Calls Log - Started: 2025-07-30T11:45:11.654Z
2025-07-30T11:45:12.562Z GET https://1forge.com/forex-quotes/symbols - Status: 200 - Duration: 907ms
{
  "timestamp": "2025-07-30T11:45:12.562Z",
  "method": "GET",
  "url": "https://1forge.com/forex-quotes/symbols",
  "response": {
    "status": 200,
    "success": false,
    "message": "API returned HTML instead of JSON - endpoint may not exist or API has changed",
    "dataSize": 0
  },
  "duration": 907
}
---
2025-07-30T11:45:12.784Z GET https://1forge.com/forex-quotes/quotes - Status: 200 - Duration: 222ms
{
  "timestamp": "2025-07-30T11:45:12.784Z",
  "method": "GET",
  "url": "https://1forge.com/forex-quotes/quotes",
  "response": {
    "status": 200,
    "success": false,
    "message": "API returned HTML instead of JSON - endpoint may not exist or API has changed",
    "dataSize": 0
  },
  "duration": 222
}
---
2025-07-30T11:45:13.008Z GET https://1forge.com/forex-quotes/quotes?pairs=EURUSD - Status: 200 - Duration: 222ms
{
  "timestamp": "2025-07-30T11:45:13.008Z",
  "method": "GET",
  "url": "https://1forge.com/forex-quotes/quotes?pairs=EURUSD",
  "response": {
    "status": 200,
    "success": false,
    "message": "API returned HTML instead of JSON - endpoint may not exist or API has changed",
    "dataSize": 0
  },
  "duration": 222
}
---
2025-07-30T11:45:13.231Z GET https://1forge.com/forex-quotes/quotes?pairs=GBPJPY - Status: 200 - Duration: 222ms
{
  "timestamp": "2025-07-30T11:45:13.231Z",
  "method": "GET",
  "url": "https://1forge.com/forex-quotes/quotes?pairs=GBPJPY",
  "response": {
    "status": 200,
    "success": false,
    "message": "API returned HTML instead of JSON - endpoint may not exist or API has changed",
    "dataSize": 0
  },
  "duration": 222
}
---
2025-07-30T11:45:13.451Z GET https://1forge.com/forex-quotes/quotes?pairs=AUDUSD - Status: 200 - Duration: 219ms
{
  "timestamp": "2025-07-30T11:45:13.451Z",
  "method": "GET",
  "url": "https://1forge.com/forex-quotes/quotes?pairs=AUDUSD",
  "response": {
    "status": 200,
    "success": false,
    "message": "API returned HTML instead of JSON - endpoint may not exist or API has changed",
    "dataSize": 0
  },
  "duration": 219
}
---
2025-07-30T11:45:14.213Z GET https://1forge.com/forex-quotes/invalid-endpoint - Status: 200 - Duration: 759ms
{
  "timestamp": "2025-07-30T11:45:14.213Z",
  "method": "GET",
  "url": "https://1forge.com/forex-quotes/invalid-endpoint",
  "response": {
    "status": 200,
    "success": false,
    "message": "API returned HTML instead of JSON - endpoint may not exist or API has changed",
    "dataSize": 0
  },
  "duration": 759
}
---
2025-07-30T11:45:14.441Z GET https://1forge.com/forex-quotes/quotes?invalid_param=test - Status: 200 - Duration: 226ms
{
  "timestamp": "2025-07-30T11:45:14.441Z",
  "method": "GET",
  "url": "https://1forge.com/forex-quotes/quotes?invalid_param=test",
  "response": {
    "status": 200,
    "success": false,
    "message": "API returned HTML instead of JSON - endpoint may not exist or API has changed",
    "dataSize": 0
  },
  "duration": 226
}
---
2025-07-30T11:45:14.663Z GET https://1forge.com/forex-quotes/symbols - Status: 200 - Duration: 220ms
{
  "timestamp": "2025-07-30T11:45:14.663Z",
  "method": "GET",
  "url": "https://1forge.com/forex-quotes/symbols",
  "response": {
    "status": 200,
    "success": false,
    "message": "API returned HTML instead of JSON - endpoint may not exist or API has changed",
    "dataSize": 0
  },
  "duration": 220
}
---
2025-07-30T11:45:14.884Z GET https://1forge.com/forex-quotes/symbols - Status: 200 - Duration: 220ms
{
  "timestamp": "2025-07-30T11:45:14.884Z",
  "method": "GET",
  "url": "https://1forge.com/forex-quotes/symbols",
  "response": {
    "status": 200,
    "success": false,
    "message": "API returned HTML instead of JSON - endpoint may not exist or API has changed",
    "dataSize": 0
  },
  "duration": 220
}
---
2025-07-30T11:45:15.113Z GET https://1forge.com/forex-quotes/symbols - Status: 200 - Duration: 229ms
{
  "timestamp": "2025-07-30T11:45:15.113Z",
  "method": "GET",
  "url": "https://1forge.com/forex-quotes/symbols",
  "response": {
    "status": 200,
    "success": false,
    "message": "API returned HTML instead of JSON - endpoint may not exist or API has changed",
    "dataSize": 0
  },
  "duration": 229
}
---
